<?xml version="1.0" encoding="UTF-8"?>
<testsuite xmlns:xsi="http://www.w3.org/2001/XMLSchema-instance" xsi:noNamespaceSchemaLocation="https://maven.apache.org/surefire/maven-surefire-plugin/xsd/surefire-test-report-3.0.xsd" version="3.0" name="com.talentbridge.SettlementServiceTest" time="8.819" tests="1" errors="0" skipped="0" failures="0">
  <properties>
[...]
</properties>
  <testcase name="testSettlement_June10Entry_15Attendance" classname="com.talentbridge.SettlementServiceTest" time="1.645">
    <system-out><![CDATA[14:08:18.639 [main] INFO org.springframework.test.context.support.AnnotationConfigContextLoaderUtils -- Could not detect default configuration classes for test class [com.talentbridge.SettlementServiceTest]: SettlementServiceTest does not declare any static, non-private, non-final, nested classes annotated with @Configuration.
14:08:18.744 [main] INFO org.springframework.boot.test.context.SpringBootTestContextBootstrapper -- Found @SpringBootConfiguration com.talentbridge.TalentBridgeApplication for test class com.talentbridge.SettlementServiceTest

  .   ____          _            __ _ _
 /\\ / ___'_ __ _ _(_)_ __  __ _ \ \ \ \
( ( )\___ | '_ | '_| | '_ \/ _` | \ \ \ \
 \\/  ___)| |_)| | | | | || (_| |  ) ) ) )
  '  |____| .__|_| |_|_| |_\__, | / / / /
 =========|_|==============|___/=/_/_/_/
 :: Spring Boot ::                (v3.2.5)

2026-06-17T14:08:19.269+08:00  INFO 28416 --- [           main] com.talentbridge.SettlementServiceTest   : Starting SettlementServiceTest using Java 17.0.12 with PID 28416 (started by 47576 in D:\data\projects\bz-6\repos\rk-105\backend)
2026-06-17T14:08:19.271+08:00  INFO 28416 --- [           main] com.talentbridge.SettlementServiceTest   : The following 1 profile is active: "test"
Logging initialized using 'class org.apache.ibatis.logging.stdout.StdOutImpl' adapter.
2026-06-17T14:08:21.371+08:00  INFO 28416 --- [           main] com.zaxxer.hikari.HikariDataSource       : HikariPool-1 - Starting...
2026-06-17T14:08:22.002+08:00  INFO 28416 --- [           main] com.zaxxer.hikari.pool.HikariPool        : HikariPool-1 - Added connection org.sqlite.jdbc4.JDBC4Connection@29896529
2026-06-17T14:08:22.010+08:00  INFO 28416 --- [           main] com.zaxxer.hikari.HikariDataSource       : HikariPool-1 - Start completed.
2026-06-17T14:08:22.714+08:00  WARN 28416 --- [           main] .s.s.UserDetailsServiceAutoConfiguration : 

Using generated security password: 0ed574c9-968b-48fb-af0d-4261ef6ac5bf

This generated password is for development use only. Your security configuration must be updated before running your application in production.

2026-06-17T14:08:24.016+08:00  INFO 28416 --- [           main] o.s.s.web.DefaultSecurityFilterChain     : Will secure any request with [org.springframework.security.web.session.DisableEncodeUrlFilter@27f71195, org.springframework.security.web.context.request.async.WebAsyncManagerIntegrationFilter@340afaf8, org.springframework.security.web.context.SecurityContextHolderFilter@477523ba, org.springframework.security.web.header.HeaderWriterFilter@2d206a71, org.springframework.web.filter.CorsFilter@6238d5e0, org.springframework.security.web.authentication.logout.LogoutFilter@76a362a4, com.talentbridge.config.JwtAuthenticationFilter@336f49a1, org.springframework.security.web.savedrequest.RequestCacheAwareFilter@78c74647, org.springframework.security.web.servletapi.SecurityContextHolderAwareRequestFilter@39652a30, org.springframework.security.web.authentication.AnonymousAuthenticationFilter@2c8b8de0, org.springframework.security.web.session.SessionManagementFilter@7bd38fed, org.springframework.security.web.access.ExceptionTranslationFilter@37775bb1, org.springframework.security.web.access.intercept.AuthorizationFilter@23e61112]
2026-06-17T14:08:25.157+08:00  INFO 28416 --- [           main] com.talentbridge.SettlementServiceTest   : Started SettlementServiceTest in 6.245 seconds (process running for 7.212)
Creating a new SqlSession
SqlSession [org.apache.ibatis.session.defaults.DefaultSqlSession@25a290ee] was not registered for synchronization because synchronization is not active
JDBC Connection [HikariProxyConnection@979248421 wrapping org.sqlite.jdbc4.JDBC4Connection@29896529] will not be managed by Spring
==>  Preparing: SELECT COUNT(*) FROM sys_role
==> Parameters: 
<==    Columns: COUNT(*)
<==        Row: 5
<==      Total: 1
Closing non transactional SqlSession [org.apache.ibatis.session.defaults.DefaultSqlSession@25a290ee]
Creating a new SqlSession
SqlSession [org.apache.ibatis.session.defaults.DefaultSqlSession@2565a7d0] was not registered for synchronization because synchronization is not active
JDBC Connection [HikariProxyConnection@83721081 wrapping org.sqlite.jdbc4.JDBC4Connection@29896529] will not be managed by Spring
==>  Preparing: SELECT COUNT(*) FROM sys_menu
==> Parameters: 
<==    Columns: COUNT(*)
<==        Row: 11
<==      Total: 1
Closing non transactional SqlSession [org.apache.ibatis.session.defaults.DefaultSqlSession@2565a7d0]
Creating a new SqlSession
SqlSession [org.apache.ibatis.session.defaults.DefaultSqlSession@5103eea2] was not registered for synchronization because synchronization is not active
JDBC Connection [HikariProxyConnection@1982072255 wrapping org.sqlite.jdbc4.JDBC4Connection@29896529] will not be managed by Spring
==>  Preparing: SELECT COUNT(*) FROM sys_user
==> Parameters: 
<==    Columns: COUNT(*)
<==        Row: 2
<==      Total: 1
Closing non transactional SqlSession [org.apache.ibatis.session.defaults.DefaultSqlSession@5103eea2]
Creating a new SqlSession
SqlSession [org.apache.ibatis.session.defaults.DefaultSqlSession@7e77678c] was not registered for synchronization because synchronization is not active
JDBC Connection [HikariProxyConnection@289336712 wrapping org.sqlite.jdbc4.JDBC4Connection@29896529] will not be managed by Spring
==>  Preparing: SELECT COUNT(*) FROM sys_role_menu
==> Parameters: 
<==    Columns: COUNT(*)
<==        Row: 44
<==      Total: 1
Closing non transactional SqlSession [org.apache.ibatis.session.defaults.DefaultSqlSession@7e77678c]
Creating a new SqlSession
SqlSession [org.apache.ibatis.session.defaults.DefaultSqlSession@5f0677f3] was not registered for synchronization because synchronization is not active
JDBC Connection [HikariProxyConnection@165255249 wrapping org.sqlite.jdbc4.JDBC4Connection@29896529] will not be managed by Spring
==>  Preparing: SELECT COUNT(*) FROM res_project_pm
==> Parameters: 
<==    Columns: COUNT(*)
<==        Row: 0
<==      Total: 1
Closing non transactional SqlSession [org.apache.ibatis.session.defaults.DefaultSqlSession@5f0677f3]
Creating a new SqlSession
SqlSession [org.apache.ibatis.session.defaults.DefaultSqlSession@4228f269] was not registered for synchronization because synchronization is not active
JDBC Connection [HikariProxyConnection@929782962 wrapping org.sqlite.jdbc4.JDBC4Connection@29896529] will not be managed by Spring
==>  Preparing: INSERT INTO res_project_pm (project_id, pm_user_id) VALUES (?, ?)
==> Parameters: 1(Long), 4(Long)
<==    Updates: 1
Closing non transactional SqlSession [org.apache.ibatis.session.defaults.DefaultSqlSession@4228f269]
2026-06-17T14:08:25.430+08:00  INFO 28416 --- [           main] c.talentbridge.config.DataInitializer    : 项目PM关联数据初始化完成
Creating a new SqlSession
SqlSession [org.apache.ibatis.session.defaults.DefaultSqlSession@11abd6c] was not registered for synchronization because synchronization is not active
JDBC Connection [HikariProxyConnection@43734323 wrapping org.sqlite.jdbc4.JDBC4Connection@29896529] will not be managed by Spring
==>  Preparing: SELECT * FROM sys_menu WHERE id = ?
==> Parameters: 7(Long)
<==    Columns: id, menu_name, menu_path, menu_icon, parent_id, sort_order, create_time
<==        Row: 7, 财务结算, /finance, DollarSign, 0, 5, 2026-06-17 05:19:28
<==      Total: 1
Closing non transactional SqlSession [org.apache.ibatis.session.defaults.DefaultSqlSession@11abd6c]
Creating a new SqlSession
SqlSession [org.apache.ibatis.session.defaults.DefaultSqlSession@2cd3fc29] was not registered for synchronization because synchronization is not active
JDBC Connection [HikariProxyConnection@1435836365 wrapping org.sqlite.jdbc4.JDBC4Connection@29896529] will not be managed by Spring
==>  Preparing: SELECT * FROM sys_menu WHERE id = ?
==> Parameters: 9(Long)
<==    Columns: id, menu_name, menu_path, menu_icon, parent_id, sort_order, create_time
<==        Row: 9, 对账单管理, /finance/settlement, File, 7, 1, 2026-06-17 05:19:28
<==      Total: 1
Closing non transactional SqlSession [org.apache.ibatis.session.defaults.DefaultSqlSession@2cd3fc29]
Creating a new SqlSession
SqlSession [org.apache.ibatis.session.defaults.DefaultSqlSession@3513d214] was not registered for synchronization because synchronization is not active
JDBC Connection [HikariProxyConnection@1966372954 wrapping org.sqlite.jdbc4.JDBC4Connection@29896529] will not be managed by Spring
==>  Preparing: SELECT * FROM sys_menu WHERE id = ?
==> Parameters: 10(Long)
<==    Columns: id, menu_name, menu_path, menu_icon, parent_id, sort_order, create_time
<==        Row: 10, 工作日设置, /finance/workday, CalendarClock, 7, 2, 2026-06-17 05:19:28
<==      Total: 1
Closing non transactional SqlSession [org.apache.ibatis.session.defaults.DefaultSqlSession@3513d214]
Creating a new SqlSession
SqlSession [org.apache.ibatis.session.defaults.DefaultSqlSession@2ff498b0] was not registered for synchronization because synchronization is not active
JDBC Connection [HikariProxyConnection@189993695 wrapping org.sqlite.jdbc4.JDBC4Connection@29896529] will not be managed by Spring
==>  Preparing: SELECT * FROM sys_menu WHERE id = ?
==> Parameters: 11(Long)
<==    Columns: id, menu_name, menu_path, menu_icon, parent_id, sort_order, create_time
<==        Row: 11, 成本分析, /finance/cost-analysis, LineChart, 7, 3, 2026-06-17 05:19:28
<==      Total: 1
Closing non transactional SqlSession [org.apache.ibatis.session.defaults.DefaultSqlSession@2ff498b0]
Creating a new SqlSession
SqlSession [org.apache.ibatis.session.defaults.DefaultSqlSession@4300e240] was not registered for synchronization because synchronization is not active
JDBC Connection [HikariProxyConnection@1598068850 wrapping org.sqlite.jdbc4.JDBC4Connection@29896529] will not be managed by Spring
==>  Preparing: SELECT COUNT(*) FROM sys_role_menu
==> Parameters: 
<==    Columns: COUNT(*)
<==        Row: 44
<==      Total: 1
Closing non transactional SqlSession [org.apache.ibatis.session.defaults.DefaultSqlSession@4300e240]
Creating a new SqlSession
SqlSession [org.apache.ibatis.session.defaults.DefaultSqlSession@547aaa32] was not registered for synchronization because synchronization is not active
JDBC Connection [HikariProxyConnection@1194106760 wrapping org.sqlite.jdbc4.JDBC4Connection@29896529] will not be managed by Spring
==>  Preparing: SELECT m.* FROM sys_menu m INNER JOIN sys_role_menu rm ON m.id = rm.menu_id INNER JOIN sys_role r ON rm.role_id = r.id INNER JOIN sys_user_role ur ON r.id = ur.role_id WHERE ur.user_id = ? ORDER BY m.sort_order
==> Parameters: 1(Long)
<==      Total: 0
Closing non transactional SqlSession [org.apache.ibatis.session.defaults.DefaultSqlSession@547aaa32]
Creating a new SqlSession
SqlSession [org.apache.ibatis.session.defaults.DefaultSqlSession@5822ecda] was not registered for synchronization because synchronization is not active
JDBC Connection [HikariProxyConnection@1493755606 wrapping org.sqlite.jdbc4.JDBC4Connection@29896529] will not be managed by Spring
==>  Preparing: INSERT INTO sys_role_menu (role_id, menu_id) VALUES (?, ?)
==> Parameters: 1(Long), 9(Long)
<==    Updates: 1
Closing non transactional SqlSession [org.apache.ibatis.session.defaults.DefaultSqlSession@5822ecda]
Creating a new SqlSession
SqlSession [org.apache.ibatis.session.defaults.DefaultSqlSession@7afbf2a0] was not registered for synchronization because synchronization is not active
JDBC Connection [HikariProxyConnection@711964207 wrapping org.sqlite.jdbc4.JDBC4Connection@29896529] will not be managed by Spring
==>  Preparing: INSERT INTO sys_role_menu (role_id, menu_id) VALUES (?, ?)
==> Parameters: 1(Long), 10(Long)
<==    Updates: 1
Closing non transactional SqlSession [org.apache.ibatis.session.defaults.DefaultSqlSession@7afbf2a0]
Creating a new SqlSession
SqlSession [org.apache.ibatis.session.defaults.DefaultSqlSession@65e4cb84] was not registered for synchronization because synchronization is not active
JDBC Connection [HikariProxyConnection@2068103096 wrapping org.sqlite.jdbc4.JDBC4Connection@29896529] will not be managed by Spring
==>  Preparing: INSERT INTO sys_role_menu (role_id, menu_id) VALUES (?, ?)
==> Parameters: 1(Long), 11(Long)
<==    Updates: 1
Closing non transactional SqlSession [org.apache.ibatis.session.defaults.DefaultSqlSession@65e4cb84]
Creating a new SqlSession
SqlSession [org.apache.ibatis.session.defaults.DefaultSqlSession@4afd65fd] was not registered for synchronization because synchronization is not active
JDBC Connection [HikariProxyConnection@337295973 wrapping org.sqlite.jdbc4.JDBC4Connection@29896529] will not be managed by Spring
==>  Preparing: SELECT m.* FROM sys_menu m INNER JOIN sys_role_menu rm ON m.id = rm.menu_id INNER JOIN sys_role r ON rm.role_id = r.id INNER JOIN sys_user_role ur ON r.id = ur.role_id WHERE ur.user_id = ? ORDER BY m.sort_order
==> Parameters: 3(Long)
<==      Total: 0
Closing non transactional SqlSession [org.apache.ibatis.session.defaults.DefaultSqlSession@4afd65fd]
Creating a new SqlSession
SqlSession [org.apache.ibatis.session.defaults.DefaultSqlSession@9f9146d] was not registered for synchronization because synchronization is not active
JDBC Connection [HikariProxyConnection@787497403 wrapping org.sqlite.jdbc4.JDBC4Connection@29896529] will not be managed by Spring
==>  Preparing: INSERT INTO sys_role_menu (role_id, menu_id) VALUES (?, ?)
==> Parameters: 3(Long), 9(Long)
<==    Updates: 1
Closing non transactional SqlSession [org.apache.ibatis.session.defaults.DefaultSqlSession@9f9146d]
Creating a new SqlSession
SqlSession [org.apache.ibatis.session.defaults.DefaultSqlSession@21c75084] was not registered for synchronization because synchronization is not active
JDBC Connection [HikariProxyConnection@219553950 wrapping org.sqlite.jdbc4.JDBC4Connection@29896529] will not be managed by Spring
==>  Preparing: INSERT INTO sys_role_menu (role_id, menu_id) VALUES (?, ?)
==> Parameters: 3(Long), 10(Long)
<==    Updates: 1
Closing non transactional SqlSession [org.apache.ibatis.session.defaults.DefaultSqlSession@21c75084]
Creating a new SqlSession
SqlSession [org.apache.ibatis.session.defaults.DefaultSqlSession@75527e36] was not registered for synchronization because synchronization is not active
JDBC Connection [HikariProxyConnection@1985569416 wrapping org.sqlite.jdbc4.JDBC4Connection@29896529] will not be managed by Spring
==>  Preparing: INSERT INTO sys_role_menu (role_id, menu_id) VALUES (?, ?)
==> Parameters: 3(Long), 11(Long)
<==    Updates: 1
Closing non transactional SqlSession [org.apache.ibatis.session.defaults.DefaultSqlSession@75527e36]
Creating a new SqlSession
SqlSession [org.apache.ibatis.session.defaults.DefaultSqlSession@6d815fb7] was not registered for synchronization because synchronization is not active
JDBC Connection [HikariProxyConnection@1370456137 wrapping org.sqlite.jdbc4.JDBC4Connection@29896529] will not be managed by Spring
==>  Preparing: SELECT m.* FROM sys_menu m INNER JOIN sys_role_menu rm ON m.id = rm.menu_id INNER JOIN sys_role r ON rm.role_id = r.id INNER JOIN sys_user_role ur ON r.id = ur.role_id WHERE ur.user_id = ? ORDER BY m.sort_order
==> Parameters: 1(Long)
<==      Total: 0
Closing non transactional SqlSession [org.apache.ibatis.session.defaults.DefaultSqlSession@6d815fb7]
Creating a new SqlSession
SqlSession [org.apache.ibatis.session.defaults.DefaultSqlSession@a9a8ec3] was not registered for synchronization because synchronization is not active
JDBC Connection [HikariProxyConnection@1828787392 wrapping org.sqlite.jdbc4.JDBC4Connection@29896529] will not be managed by Spring
==>  Preparing: INSERT INTO sys_role_menu (role_id, menu_id) VALUES (?, ?)
==> Parameters: 1(Long), 11(Long)
<==    Updates: 1
Closing non transactional SqlSession [org.apache.ibatis.session.defaults.DefaultSqlSession@a9a8ec3]
Creating a new SqlSession
SqlSession [org.apache.ibatis.session.defaults.DefaultSqlSession@40016ce1] was not registered for synchronization because synchronization is not active
JDBC Connection [HikariProxyConnection@540501426 wrapping org.sqlite.jdbc4.JDBC4Connection@29896529] will not be managed by Spring
==>  Preparing: INSERT INTO sys_role_menu (role_id, menu_id) VALUES (?, ?)
==> Parameters: 3(Long), 11(Long)
<==    Updates: 1
Closing non transactional SqlSession [org.apache.ibatis.session.defaults.DefaultSqlSession@40016ce1]
2026-06-17T14:08:25.574+08:00  INFO 28416 --- [           main] c.talentbridge.config.DataInitializer    : 财务子菜单数据初始化完成
2026-06-17T14:08:25.574+08:00  INFO 28416 --- [           main] c.talentbridge.config.DataInitializer    : 数据初始化完成
Creating a new SqlSession
SqlSession [org.apache.ibatis.session.defaults.DefaultSqlSession@249a45fd] was not registered for synchronization because synchronization is not active
JDBC Connection [HikariProxyConnection@646909939 wrapping org.sqlite.jdbc4.JDBC4Connection@29896529] will not be managed by Spring
==>  Preparing: INSERT INTO fin_workday_setting (month, workday_count, remark) VALUES (?, ?, ?)
==> Parameters: 2026-06(String), 21(Integer), 6月法定工作日(String)
<==    Updates: 1
==>  Preparing: SELECT last_insert_rowid()
==> Parameters: 
<==    Columns: last_insert_rowid()
<==        Row: 4
<==      Total: 1
Closing non transactional SqlSession [org.apache.ibatis.session.defaults.DefaultSqlSession@249a45fd]
Creating a new SqlSession
SqlSession [org.apache.ibatis.session.defaults.DefaultSqlSession@7f1ad846] was not registered for synchronization because synchronization is not active
JDBC Connection [HikariProxyConnection@1566238378 wrapping org.sqlite.jdbc4.JDBC4Connection@29896529] will not be managed by Spring
==>  Preparing: INSERT INTO res_talent (name, gender, phone, email, level, monthly_salary, tech_stack, status, remark) VALUES (?, ?, ?, ?, ?, ?, ?, ?, ?)
==> Parameters: 张三(String), 男(String), 13800138000(String), zhangsan@example.com(String), MIDDLE(String), 21000.00(BigDecimal), Java,Spring(String), ASSIGNED(String), null
<==    Updates: 1
==>  Preparing: SELECT last_insert_rowid()
==> Parameters: 
<==    Columns: last_insert_rowid()
<==        Row: 16
<==      Total: 1
Closing non transactional SqlSession [org.apache.ibatis.session.defaults.DefaultSqlSession@7f1ad846]
Creating a new SqlSession
SqlSession [org.apache.ibatis.session.defaults.DefaultSqlSession@2210e466] was not registered for synchronization because synchronization is not active
JDBC Connection [HikariProxyConnection@199344266 wrapping org.sqlite.jdbc4.JDBC4Connection@29896529] will not be managed by Spring
==>  Preparing: INSERT INTO res_project (project_name, client_name, contact_person, contact_phone, price_junior, price_middle, price_senior, remark) VALUES (?, ?, ?, ?, ?, ?, ?, ?)
==> Parameters: 华为云平台项目(String), 华为(String), 李经理(String), 13900139000(String), 15000(BigDecimal), 21000.00(BigDecimal), 30000(BigDecimal), null
<==    Updates: 1
==>  Preparing: SELECT last_insert_rowid()
==> Parameters: 
<==    Columns: last_insert_rowid()
<==        Row: 10
<==      Total: 1
Closing non transactional SqlSession [org.apache.ibatis.session.defaults.DefaultSqlSession@2210e466]
Creating a new SqlSession
SqlSession [org.apache.ibatis.session.defaults.DefaultSqlSession@7296fe0b] was not registered for synchronization because synchronization is not active
JDBC Connection [HikariProxyConnection@1246783221 wrapping org.sqlite.jdbc4.JDBC4Connection@29896529] will not be managed by Spring
==>  Preparing: INSERT INTO sys_user (username, password, real_name, email, phone, status) VALUES (?, ?, ?, ?, ?, ?)
==> Parameters: zhangsan_test(String), $2a$10$abcdefghijklmnopqrstuvwxyz(String), 张三(String), zhangsan@example.com(String), 13800138000(String), 1(Integer)
<==    Updates: 1
==>  Preparing: SELECT last_insert_rowid()
==> Parameters: 
<==    Columns: last_insert_rowid()
<==        Row: 21
<==      Total: 1
Closing non transactional SqlSession [org.apache.ibatis.session.defaults.DefaultSqlSession@7296fe0b]
Creating a new SqlSession
SqlSession [org.apache.ibatis.session.defaults.DefaultSqlSession@54b2d002] was not registered for synchronization because synchronization is not active
JDBC Connection [HikariProxyConnection@488399791 wrapping org.sqlite.jdbc4.JDBC4Connection@29896529] will not be managed by Spring
==>  Preparing: INSERT INTO res_assignment (talent_id, talent_name, project_id, project_name, start_date, end_date, unit_price, talent_level, status, remark) VALUES (?, ?, ?, ?, ?, ?, ?, ?, ?, ?)
==> Parameters: 16(Long), 张三(String), 10(Long), 华为云平台项目(String), 2026-06-10(LocalDate), 2026-06-30(LocalDate), 21000.00(BigDecimal), MIDDLE(String), ACTIVE(String), null
<==    Updates: 1
==>  Preparing: SELECT last_insert_rowid()
==> Parameters: 
<==    Columns: last_insert_rowid()
<==        Row: 10
<==      Total: 1
Closing non transactional SqlSession [org.apache.ibatis.session.defaults.DefaultSqlSession@54b2d002]
Creating a new SqlSession
SqlSession [org.apache.ibatis.session.defaults.DefaultSqlSession@2095c331] was not registered for synchronization because synchronization is not active
JDBC Connection [HikariProxyConnection@956934228 wrapping org.sqlite.jdbc4.JDBC4Connection@29896529] will not be managed by Spring
==>  Preparing: INSERT INTO ts_timesheet (user_id, user_name, talent_id, talent_name, project_id, project_name, month, status) VALUES (?, ?, ?, ?, ?, ?, ?, ?)
==> Parameters: 21(Long), 张三(String), 16(Long), 张三(String), 10(Long), 华为云平台项目(String), 2026-06(String), APPROVED(String)
<==    Updates: 1
==>  Preparing: SELECT last_insert_rowid()
==> Parameters: 
<==    Columns: last_insert_rowid()
<==        Row: 10
<==      Total: 1
Closing non transactional SqlSession [org.apache.ibatis.session.defaults.DefaultSqlSession@2095c331]
Creating a new SqlSession
SqlSession [org.apache.ibatis.session.defaults.DefaultSqlSession@7b795db7] was not registered for synchronization because synchronization is not active
JDBC Connection [HikariProxyConnection@2143018378 wrapping org.sqlite.jdbc4.JDBC4Connection@29896529] will not be managed by Spring
==>  Preparing: INSERT INTO ts_timesheet_day (timesheet_id, day_date, status) VALUES (?, ?, ?)
==> Parameters: 10(Long), 2026-06-10(LocalDate), NORMAL(String)
<==    Updates: 1
==>  Preparing: SELECT last_insert_rowid()
==> Parameters: 
<==    Columns: last_insert_rowid()
<==        Row: 136
<==      Total: 1
Closing non transactional SqlSession [org.apache.ibatis.session.defaults.DefaultSqlSession@7b795db7]
Creating a new SqlSession
SqlSession [org.apache.ibatis.session.defaults.DefaultSqlSession@56ba8e8c] was not registered for synchronization because synchronization is not active
JDBC Connection [HikariProxyConnection@2001493596 wrapping org.sqlite.jdbc4.JDBC4Connection@29896529] will not be managed by Spring
==>  Preparing: INSERT INTO ts_timesheet_day (timesheet_id, day_date, status) VALUES (?, ?, ?)
==> Parameters: 10(Long), 2026-06-11(LocalDate), NORMAL(String)
<==    Updates: 1
==>  Preparing: SELECT last_insert_rowid()
==> Parameters: 
<==    Columns: last_insert_rowid()
<==        Row: 137
<==      Total: 1
Closing non transactional SqlSession [org.apache.ibatis.session.defaults.DefaultSqlSession@56ba8e8c]
Creating a new SqlSession
SqlSession [org.apache.ibatis.session.defaults.DefaultSqlSession@55f6f965] was not registered for synchronization because synchronization is not active
JDBC Connection [HikariProxyConnection@1088287545 wrapping org.sqlite.jdbc4.JDBC4Connection@29896529] will not be managed by Spring
==>  Preparing: INSERT INTO ts_timesheet_day (timesheet_id, day_date, status) VALUES (?, ?, ?)
==> Parameters: 10(Long), 2026-06-12(LocalDate), NORMAL(String)
<==    Updates: 1
==>  Preparing: SELECT last_insert_rowid()
==> Parameters: 
<==    Columns: last_insert_rowid()
<==        Row: 138
<==      Total: 1
Closing non transactional SqlSession [org.apache.ibatis.session.defaults.DefaultSqlSession@55f6f965]
Creating a new SqlSession
SqlSession [org.apache.ibatis.session.defaults.DefaultSqlSession@c83ed77] was not registered for synchronization because synchronization is not active
JDBC Connection [HikariProxyConnection@220666452 wrapping org.sqlite.jdbc4.JDBC4Connection@29896529] will not be managed by Spring
==>  Preparing: INSERT INTO ts_timesheet_day (timesheet_id, day_date, status) VALUES (?, ?, ?)
==> Parameters: 10(Long), 2026-06-13(LocalDate), NORMAL(String)
<==    Updates: 1
==>  Preparing: SELECT last_insert_rowid()
==> Parameters: 
<==    Columns: last_insert_rowid()
<==        Row: 139
<==      Total: 1
Closing non transactional SqlSession [org.apache.ibatis.session.defaults.DefaultSqlSession@c83ed77]
Creating a new SqlSession
SqlSession [org.apache.ibatis.session.defaults.DefaultSqlSession@6ff8e744] was not registered for synchronization because synchronization is not active
JDBC Connection [HikariProxyConnection@1083413945 wrapping org.sqlite.jdbc4.JDBC4Connection@29896529] will not be managed by Spring
==>  Preparing: INSERT INTO ts_timesheet_day (timesheet_id, day_date, status) VALUES (?, ?, ?)
==> Parameters: 10(Long), 2026-06-15(LocalDate), NORMAL(String)
<==    Updates: 1
==>  Preparing: SELECT last_insert_rowid()
==> Parameters: 
<==    Columns: last_insert_rowid()
<==        Row: 140
<==      Total: 1
Closing non transactional SqlSession [org.apache.ibatis.session.defaults.DefaultSqlSession@6ff8e744]
Creating a new SqlSession
SqlSession [org.apache.ibatis.session.defaults.DefaultSqlSession@53e82089] was not registered for synchronization because synchronization is not active
JDBC Connection [HikariProxyConnection@1722316058 wrapping org.sqlite.jdbc4.JDBC4Connection@29896529] will not be managed by Spring
==>  Preparing: INSERT INTO ts_timesheet_day (timesheet_id, day_date, status) VALUES (?, ?, ?)
==> Parameters: 10(Long), 2026-06-16(LocalDate), NORMAL(String)
<==    Updates: 1
==>  Preparing: SELECT last_insert_rowid()
==> Parameters: 
<==    Columns: last_insert_rowid()
<==        Row: 141
<==      Total: 1
Closing non transactional SqlSession [org.apache.ibatis.session.defaults.DefaultSqlSession@53e82089]
Creating a new SqlSession
SqlSession [org.apache.ibatis.session.defaults.DefaultSqlSession@4ec27c4c] was not registered for synchronization because synchronization is not active
JDBC Connection [HikariProxyConnection@304088688 wrapping org.sqlite.jdbc4.JDBC4Connection@29896529] will not be managed by Spring
==>  Preparing: INSERT INTO ts_timesheet_day (timesheet_id, day_date, status) VALUES (?, ?, ?)
==> Parameters: 10(Long), 2026-06-17(LocalDate), NORMAL(String)
<==    Updates: 1
==>  Preparing: SELECT last_insert_rowid()
==> Parameters: 
<==    Columns: last_insert_rowid()
<==        Row: 142
<==      Total: 1
Closing non transactional SqlSession [org.apache.ibatis.session.defaults.DefaultSqlSession@4ec27c4c]
Creating a new SqlSession
SqlSession [org.apache.ibatis.session.defaults.DefaultSqlSession@5e80d5] was not registered for synchronization because synchronization is not active
JDBC Connection [HikariProxyConnection@628831585 wrapping org.sqlite.jdbc4.JDBC4Connection@29896529] will not be managed by Spring
==>  Preparing: INSERT INTO ts_timesheet_day (timesheet_id, day_date, status) VALUES (?, ?, ?)
==> Parameters: 10(Long), 2026-06-18(LocalDate), NORMAL(String)
<==    Updates: 1
==>  Preparing: SELECT last_insert_rowid()
==> Parameters: 
<==    Columns: last_insert_rowid()
<==        Row: 143
<==      Total: 1
Closing non transactional SqlSession [org.apache.ibatis.session.defaults.DefaultSqlSession@5e80d5]
Creating a new SqlSession
SqlSession [org.apache.ibatis.session.defaults.DefaultSqlSession@78861d9e] was not registered for synchronization because synchronization is not active
JDBC Connection [HikariProxyConnection@1787266936 wrapping org.sqlite.jdbc4.JDBC4Connection@29896529] will not be managed by Spring
==>  Preparing: INSERT INTO ts_timesheet_day (timesheet_id, day_date, status) VALUES (?, ?, ?)
==> Parameters: 10(Long), 2026-06-19(LocalDate), NORMAL(String)
<==    Updates: 1
==>  Preparing: SELECT last_insert_rowid()
==> Parameters: 
<==    Columns: last_insert_rowid()
<==        Row: 144
<==      Total: 1
Closing non transactional SqlSession [org.apache.ibatis.session.defaults.DefaultSqlSession@78861d9e]
Creating a new SqlSession
SqlSession [org.apache.ibatis.session.defaults.DefaultSqlSession@1eabfad5] was not registered for synchronization because synchronization is not active
JDBC Connection [HikariProxyConnection@1644631132 wrapping org.sqlite.jdbc4.JDBC4Connection@29896529] will not be managed by Spring
==>  Preparing: INSERT INTO ts_timesheet_day (timesheet_id, day_date, status) VALUES (?, ?, ?)
==> Parameters: 10(Long), 2026-06-22(LocalDate), NORMAL(String)
<==    Updates: 1
==>  Preparing: SELECT last_insert_rowid()
==> Parameters: 
<==    Columns: last_insert_rowid()
<==        Row: 145
<==      Total: 1
Closing non transactional SqlSession [org.apache.ibatis.session.defaults.DefaultSqlSession@1eabfad5]
Creating a new SqlSession
SqlSession [org.apache.ibatis.session.defaults.DefaultSqlSession@2a259f6f] was not registered for synchronization because synchronization is not active
JDBC Connection [HikariProxyConnection@2093965588 wrapping org.sqlite.jdbc4.JDBC4Connection@29896529] will not be managed by Spring
==>  Preparing: INSERT INTO ts_timesheet_day (timesheet_id, day_date, status) VALUES (?, ?, ?)
==> Parameters: 10(Long), 2026-06-23(LocalDate), NORMAL(String)
<==    Updates: 1
==>  Preparing: SELECT last_insert_rowid()
==> Parameters: 
<==    Columns: last_insert_rowid()
<==        Row: 146
<==      Total: 1
Closing non transactional SqlSession [org.apache.ibatis.session.defaults.DefaultSqlSession@2a259f6f]
Creating a new SqlSession
SqlSession [org.apache.ibatis.session.defaults.DefaultSqlSession@3df3410a] was not registered for synchronization because synchronization is not active
JDBC Connection [HikariProxyConnection@1728845596 wrapping org.sqlite.jdbc4.JDBC4Connection@29896529] will not be managed by Spring
==>  Preparing: INSERT INTO ts_timesheet_day (timesheet_id, day_date, status) VALUES (?, ?, ?)
==> Parameters: 10(Long), 2026-06-24(LocalDate), NORMAL(String)
<==    Updates: 1
==>  Preparing: SELECT last_insert_rowid()
==> Parameters: 
<==    Columns: last_insert_rowid()
<==        Row: 147
<==      Total: 1
Closing non transactional SqlSession [org.apache.ibatis.session.defaults.DefaultSqlSession@3df3410a]
Creating a new SqlSession
SqlSession [org.apache.ibatis.session.defaults.DefaultSqlSession@61d42275] was not registered for synchronization because synchronization is not active
JDBC Connection [HikariProxyConnection@1712597146 wrapping org.sqlite.jdbc4.JDBC4Connection@29896529] will not be managed by Spring
==>  Preparing: INSERT INTO ts_timesheet_day (timesheet_id, day_date, status) VALUES (?, ?, ?)
==> Parameters: 10(Long), 2026-06-25(LocalDate), NORMAL(String)
<==    Updates: 1
==>  Preparing: SELECT last_insert_rowid()
==> Parameters: 
<==    Columns: last_insert_rowid()
<==        Row: 148
<==      Total: 1
Closing non transactional SqlSession [org.apache.ibatis.session.defaults.DefaultSqlSession@61d42275]
Creating a new SqlSession
SqlSession [org.apache.ibatis.session.defaults.DefaultSqlSession@4148ce43] was not registered for synchronization because synchronization is not active
JDBC Connection [HikariProxyConnection@1190892929 wrapping org.sqlite.jdbc4.JDBC4Connection@29896529] will not be managed by Spring
==>  Preparing: INSERT INTO ts_timesheet_day (timesheet_id, day_date, status) VALUES (?, ?, ?)
==> Parameters: 10(Long), 2026-06-26(LocalDate), NORMAL(String)
<==    Updates: 1
==>  Preparing: SELECT last_insert_rowid()
==> Parameters: 
<==    Columns: last_insert_rowid()
<==        Row: 149
<==      Total: 1
Closing non transactional SqlSession [org.apache.ibatis.session.defaults.DefaultSqlSession@4148ce43]
Creating a new SqlSession
SqlSession [org.apache.ibatis.session.defaults.DefaultSqlSession@46d69ca4] was not registered for synchronization because synchronization is not active
JDBC Connection [HikariProxyConnection@1553686114 wrapping org.sqlite.jdbc4.JDBC4Connection@29896529] will not be managed by Spring
==>  Preparing: INSERT INTO ts_timesheet_day (timesheet_id, day_date, status) VALUES (?, ?, ?)
==> Parameters: 10(Long), 2026-06-27(LocalDate), NORMAL(String)
<==    Updates: 1
==>  Preparing: SELECT last_insert_rowid()
==> Parameters: 
<==    Columns: last_insert_rowid()
<==        Row: 150
<==      Total: 1
Closing non transactional SqlSession [org.apache.ibatis.session.defaults.DefaultSqlSession@46d69ca4]
Creating a new SqlSession
Registering transaction synchronization for SqlSession [org.apache.ibatis.session.defaults.DefaultSqlSession@19e2db7c]
JDBC Connection [HikariProxyConnection@1652372991 wrapping org.sqlite.jdbc4.JDBC4Connection@29896529] will be managed by Spring
==>  Preparing: SELECT * FROM fin_settlement WHERE month = ?
==> Parameters: 2026-06(String)
<==      Total: 0
Releasing transactional SqlSession [org.apache.ibatis.session.defaults.DefaultSqlSession@19e2db7c]
Fetched SqlSession [org.apache.ibatis.session.defaults.DefaultSqlSession@19e2db7c] from current transaction
==>  Preparing: SELECT * FROM fin_workday_setting WHERE month = ?
==> Parameters: 2026-06(String)
<==    Columns: id, month, workday_count, remark, create_time, update_time
<==        Row: 4, 2026-06, 21, 6月法定工作日, 2026-06-17 06:08:27, 2026-06-17 06:08:27
<==      Total: 1
Releasing transactional SqlSession [org.apache.ibatis.session.defaults.DefaultSqlSession@19e2db7c]
Fetched SqlSession [org.apache.ibatis.session.defaults.DefaultSqlSession@19e2db7c] from current transaction
==>  Preparing: SELECT * FROM ts_timesheet WHERE month = ? AND status = 'APPROVED'
==> Parameters: 2026-06(String)
<==    Columns: id, user_id, user_name, talent_id, talent_name, project_id, project_name, month, status, approver_id, approver_name, approve_time, reject_reason, create_time, update_time
<==        Row: 10, 21, 张三, 16, 张三, 10, 华为云平台项目, 2026-06, APPROVED, null, null, null, null, 2026-06-17 06:08:27, 2026-06-17 06:08:27
<==      Total: 1
Releasing transactional SqlSession [org.apache.ibatis.session.defaults.DefaultSqlSession@19e2db7c]
Fetched SqlSession [org.apache.ibatis.session.defaults.DefaultSqlSession@19e2db7c] from current transaction
==>  Preparing: INSERT INTO fin_settlement (settlement_no, month, workday_count, total_amount, item_count, status, creator_id, creator_name) VALUES (?, ?, ?, ?, ?, ?, ?, ?)
==> Parameters: STL202606140827(String), 2026-06(String), 21(Integer), 0(BigDecimal), 0(Integer), GENERATED(String), 999(Long), 财务(String)
<==    Updates: 1
==>  Preparing: SELECT last_insert_rowid()
==> Parameters: 
<==    Columns: last_insert_rowid()
<==        Row: 4
<==      Total: 1
Releasing transactional SqlSession [org.apache.ibatis.session.defaults.DefaultSqlSession@19e2db7c]
Fetched SqlSession [org.apache.ibatis.session.defaults.DefaultSqlSession@19e2db7c] from current transaction
==>  Preparing: SELECT * FROM ts_timesheet_day WHERE timesheet_id = ? ORDER BY day_date
==> Parameters: 10(Long)
<==    Columns: id, timesheet_id, day_date, status
<==        Row: 136, 10, 2026-06-10, NORMAL
<==        Row: 137, 10, 2026-06-11, NORMAL
<==        Row: 138, 10, 2026-06-12, NORMAL
<==        Row: 139, 10, 2026-06-13, NORMAL
<==        Row: 140, 10, 2026-06-15, NORMAL
<==        Row: 141, 10, 2026-06-16, NORMAL
<==        Row: 142, 10, 2026-06-17, NORMAL
<==        Row: 143, 10, 2026-06-18, NORMAL
<==        Row: 144, 10, 2026-06-19, NORMAL
<==        Row: 145, 10, 2026-06-22, NORMAL
<==        Row: 146, 10, 2026-06-23, NORMAL
<==        Row: 147, 10, 2026-06-24, NORMAL
<==        Row: 148, 10, 2026-06-25, NORMAL
<==        Row: 149, 10, 2026-06-26, NORMAL
<==        Row: 150, 10, 2026-06-27, NORMAL
<==      Total: 15
Releasing transactional SqlSession [org.apache.ibatis.session.defaults.DefaultSqlSession@19e2db7c]
Fetched SqlSession [org.apache.ibatis.session.defaults.DefaultSqlSession@19e2db7c] from current transaction
==>  Preparing: SELECT * FROM res_assignment WHERE talent_id = ? AND status = 'ACTIVE'
==> Parameters: 16(Long)
<==    Columns: id, talent_id, talent_name, project_id, project_name, start_date, end_date, unit_price, talent_level, status, remark, create_time, update_time
<==        Row: 10, 16, 张三, 10, 华为云平台项目, 2026-06-10, 2026-06-30, 21000, MIDDLE, ACTIVE, null, 2026-06-17 06:08:27, 2026-06-17 06:08:27
<==      Total: 1
Releasing transactional SqlSession [org.apache.ibatis.session.defaults.DefaultSqlSession@19e2db7c]
Fetched SqlSession [org.apache.ibatis.session.defaults.DefaultSqlSession@19e2db7c] from current transaction
==>  Preparing: INSERT INTO fin_settlement_item (settlement_id, timesheet_id, user_id, user_name, talent_id, talent_name, project_id, project_name, unit_price_snapshot, workday_count_snapshot, actual_attendance_days, overtime_days, overtime_amount, base_amount, final_amount, calc_detail) VALUES (?, ?, ?, ?, ?, ?, ?, ?, ?, ?, ?, ?, ?, ?, ?, ?)
==> Parameters: 4(Long), 10(Long), 21(Long), 张三(String), 16(Long), 张三(String), 10(Long), 华为云平台项目(String), 21000(BigDecimal), 21(Integer), 15(Integer), 0(Integer), 0.00(BigDecimal), 15000.00(BigDecimal), 15000.00(BigDecimal), 基础金额 = 21000.00 ÷ 21 × 15 = 15000.00；加班金额 = 1000.00 × 0 = 0.00；合计 = 15000.00(String)
<==    Updates: 1
==>  Preparing: SELECT last_insert_rowid()
==> Parameters: 
<==    Columns: last_insert_rowid()
<==        Row: 4
<==      Total: 1
Releasing transactional SqlSession [org.apache.ibatis.session.defaults.DefaultSqlSession@19e2db7c]
Fetched SqlSession [org.apache.ibatis.session.defaults.DefaultSqlSession@19e2db7c] from current transaction
==>  Preparing: UPDATE fin_settlement SET total_amount = ?, item_count = ?, update_time = CURRENT_TIMESTAMP WHERE id = ?
==> Parameters: 15000.00(BigDecimal), 1(Integer), 4(Long)
<==    Updates: 1
Releasing transactional SqlSession [org.apache.ibatis.session.defaults.DefaultSqlSession@19e2db7c]
Fetched SqlSession [org.apache.ibatis.session.defaults.DefaultSqlSession@19e2db7c] from current transaction
==>  Preparing: SELECT * FROM fin_settlement WHERE id = ?
==> Parameters: 4(Long)
<==    Columns: id, settlement_no, month, workday_count, total_amount, item_count, status, creator_id, creator_name, create_time, update_time
<==        Row: 4, STL202606140827, 2026-06, 21, 15000, 1, GENERATED, 999, 财务, 2026-06-17 06:08:27, 2026-06-17 06:08:27
<==      Total: 1
Releasing transactional SqlSession [org.apache.ibatis.session.defaults.DefaultSqlSession@19e2db7c]
Transaction synchronization committing SqlSession [org.apache.ibatis.session.defaults.DefaultSqlSession@19e2db7c]
Transaction synchronization deregistering SqlSession [org.apache.ibatis.session.defaults.DefaultSqlSession@19e2db7c]
Transaction synchronization closing SqlSession [org.apache.ibatis.session.defaults.DefaultSqlSession@19e2db7c]
Creating a new SqlSession
SqlSession [org.apache.ibatis.session.defaults.DefaultSqlSession@5a8b42a3] was not registered for synchronization because synchronization is not active
JDBC Connection [HikariProxyConnection@290991542 wrapping org.sqlite.jdbc4.JDBC4Connection@29896529] will not be managed by Spring
==>  Preparing: SELECT * FROM fin_settlement WHERE id = ?
==> Parameters: 4(Long)
<==    Columns: id, settlement_no, month, workday_count, total_amount, item_count, status, creator_id, creator_name, create_time, update_time
<==        Row: 4, STL202606140827, 2026-06, 21, 15000, 1, GENERATED, 999, 财务, 2026-06-17 06:08:27, 2026-06-17 06:08:27
<==      Total: 1
Closing non transactional SqlSession [org.apache.ibatis.session.defaults.DefaultSqlSession@5a8b42a3]
Creating a new SqlSession
SqlSession [org.apache.ibatis.session.defaults.DefaultSqlSession@44106e25] was not registered for synchronization because synchronization is not active
JDBC Connection [HikariProxyConnection@91904771 wrapping org.sqlite.jdbc4.JDBC4Connection@29896529] will not be managed by Spring
==>  Preparing: SELECT * FROM fin_settlement_item WHERE settlement_id = ? ORDER BY id
==> Parameters: 4(Long)
<==    Columns: id, settlement_id, timesheet_id, user_id, user_name, talent_id, talent_name, project_id, project_name, unit_price_snapshot, workday_count_snapshot, actual_attendance_days, overtime_days, overtime_amount, base_amount, final_amount, calc_detail, create_time
<==        Row: 4, 4, 10, 21, 张三, 16, 张三, 10, 华为云平台项目, 21000, 21, 15, 0, 0, 15000, 15000, 基础金额 = 21000.00 ÷ 21 × 15 = 15000.00；加班金额 = 1000.00 × 0 = 0.00；合计 = 15000.00, 2026-06-17 06:08:27
<==      Total: 1
Closing non transactional SqlSession [org.apache.ibatis.session.defaults.DefaultSqlSession@44106e25]
==== 结算计算过程分析 ====
月薪: 21000.00
6月总工作日: 21
6月10日-30日工作日数: 15
实际出勤天数: 15
--- 按整月均摊(当前代码逻辑) ---
日薪 = 21000 ÷ 21 = 1000.00
结算金额 = 1000.00 × 15 = 15000.00
--- 按入职日到月底折算(正确逻辑) ---
日薪 = 21000 ÷ 15 = 1400.00
结算金额 = 1400.00 × 15 = 21000.00
--- 实际结算结果 ---
基础金额 baseAmount: 15000
最终金额 finalAmount: 15000
系统计算详情: 基础金额 = 21000.00 ÷ 21 × 15 = 15000.00；加班金额 = 1000.00 × 0 = 0.00；合计 = 15000.00
========================
[测试结论] 当前结算引擎按整月21日均摊日薪，未考虑张三6月10日才入职的事实。虽然出勤15天（正好是6月10日-30日的全部工作日），但仅结算 15000 元，比正确折算少 6000.00 元。
]]></system-out>
  </testcase>
</testsuite>