<?xml version="1.0" encoding="UTF-8"?>
<testsuite xmlns:xsi="http://www.w3.org/2001/XMLSchema-instance" xsi:noNamespaceSchemaLocation="https://maven.apache.org/surefire/maven-surefire-plugin/xsd/surefire-test-report-3.0.xsd" version="3.0" name="com.talentbridge.TalentServiceTest" time="0.391" tests="2" errors="0" skipped="0" failures="0">
  <properties>
[...]
</properties>
  <testcase name="testResign_WithoutPendingTimesheet_ShouldPass" classname="com.talentbridge.TalentServiceTest" time="0.2">
    <system-out><![CDATA[2026-06-17T13:29:24.119+08:00  INFO 40716 --- [           main] t.c.s.AnnotationConfigContextLoaderUtils : Could not detect default configuration classes for test class [com.talentbridge.TalentServiceTest]: TalentServiceTest does not declare any static, non-private, non-final, nested classes annotated with @Configuration.
2026-06-17T13:29:24.121+08:00  INFO 40716 --- [           main] .b.t.c.SpringBootTestContextBootstrapper : Found @SpringBootConfiguration com.talentbridge.TalentBridgeApplication for test class com.talentbridge.TalentServiceTest
Creating a new SqlSession
SqlSession [org.apache.ibatis.session.defaults.DefaultSqlSession@225ddf5f] was not registered for synchronization because synchronization is not active
JDBC Connection [HikariProxyConnection@1363574841 wrapping org.sqlite.jdbc4.JDBC4Connection@29896529] will not be managed by Spring
==>  Preparing: INSERT INTO res_project (project_name, client_name, contact_person, contact_phone, price_junior, price_middle, price_senior, remark) VALUES (?, ?, ?, ?, ?, ?, ?, ?)
==> Parameters: 阿里云平台项目(String), 阿里(String), 王经理(String), 13700137000(String), 15000(BigDecimal), 21000(BigDecimal), 30000(BigDecimal), null
<==    Updates: 1
==>  Preparing: SELECT last_insert_rowid()
==> Parameters: 
<==    Columns: last_insert_rowid()
<==        Row: 5
<==      Total: 1
Closing non transactional SqlSession [org.apache.ibatis.session.defaults.DefaultSqlSession@225ddf5f]
Creating a new SqlSession
SqlSession [org.apache.ibatis.session.defaults.DefaultSqlSession@1d654b5f] was not registered for synchronization because synchronization is not active
JDBC Connection [HikariProxyConnection@1465731291 wrapping org.sqlite.jdbc4.JDBC4Connection@29896529] will not be managed by Spring
==>  Preparing: INSERT INTO res_talent (name, gender, phone, email, level, monthly_salary, tech_stack, status, remark) VALUES (?, ?, ?, ?, ?, ?, ?, ?, ?)
==> Parameters: 李四(String), 男(String), 13600136000(String), lisi@example.com(String), MIDDLE(String), 21000(BigDecimal), Vue,React(String), ASSIGNED(String), null
<==    Updates: 1
==>  Preparing: SELECT last_insert_rowid()
==> Parameters: 
<==    Columns: last_insert_rowid()
<==        Row: 7
<==      Total: 1
Closing non transactional SqlSession [org.apache.ibatis.session.defaults.DefaultSqlSession@1d654b5f]
Creating a new SqlSession
SqlSession [org.apache.ibatis.session.defaults.DefaultSqlSession@1b36d248] was not registered for synchronization because synchronization is not active
JDBC Connection [HikariProxyConnection@2123685471 wrapping org.sqlite.jdbc4.JDBC4Connection@29896529] will not be managed by Spring
==>  Preparing: INSERT INTO res_talent (name, gender, phone, email, level, monthly_salary, tech_stack, status, remark) VALUES (?, ?, ?, ?, ?, ?, ?, ?, ?)
==> Parameters: 王五(String), 男(String), 13500135000(String), wangwu@example.com(String), JUNIOR(String), 15000(BigDecimal), Python(String), IDLE(String), null
<==    Updates: 1
==>  Preparing: SELECT last_insert_rowid()
==> Parameters: 
<==    Columns: last_insert_rowid()
<==        Row: 8
<==      Total: 1
Closing non transactional SqlSession [org.apache.ibatis.session.defaults.DefaultSqlSession@1b36d248]
Creating a new SqlSession
SqlSession [org.apache.ibatis.session.defaults.DefaultSqlSession@59b3f754] was not registered for synchronization because synchronization is not active
JDBC Connection [HikariProxyConnection@26065947 wrapping org.sqlite.jdbc4.JDBC4Connection@29896529] will not be managed by Spring
==>  Preparing: INSERT INTO sys_user (username, password, real_name, email, phone, status) VALUES (?, ?, ?, ?, ?, ?)
==> Parameters: lisi_test(String), $2a$10$abcdefghijklmnopqrstuvwxyz(String), 李四(String), lisi@example.com(String), 13600136000(String), 1(Integer)
<==    Updates: 1
==>  Preparing: SELECT last_insert_rowid()
==> Parameters: 
<==    Columns: last_insert_rowid()
<==        Row: 12
<==      Total: 1
Closing non transactional SqlSession [org.apache.ibatis.session.defaults.DefaultSqlSession@59b3f754]
Creating a new SqlSession
SqlSession [org.apache.ibatis.session.defaults.DefaultSqlSession@2a510e0e] was not registered for synchronization because synchronization is not active
JDBC Connection [HikariProxyConnection@137453130 wrapping org.sqlite.jdbc4.JDBC4Connection@29896529] will not be managed by Spring
==>  Preparing: INSERT INTO sys_user (username, password, real_name, email, phone, status) VALUES (?, ?, ?, ?, ?, ?)
==> Parameters: wangwu_test(String), $2a$10$abcdefghijklmnopqrstuvwxyz(String), 王五(String), wangwu@example.com(String), 13500135000(String), 1(Integer)
<==    Updates: 1
==>  Preparing: SELECT last_insert_rowid()
==> Parameters: 
<==    Columns: last_insert_rowid()
<==        Row: 13
<==      Total: 1
Closing non transactional SqlSession [org.apache.ibatis.session.defaults.DefaultSqlSession@2a510e0e]
Creating a new SqlSession
SqlSession [org.apache.ibatis.session.defaults.DefaultSqlSession@4efe014f] was not registered for synchronization because synchronization is not active
JDBC Connection [HikariProxyConnection@587141615 wrapping org.sqlite.jdbc4.JDBC4Connection@29896529] will not be managed by Spring
==>  Preparing: INSERT INTO res_assignment (talent_id, talent_name, project_id, project_name, start_date, end_date, unit_price, talent_level, status, remark) VALUES (?, ?, ?, ?, ?, ?, ?, ?, ?, ?)
==> Parameters: 7(Long), 李四(String), 5(Long), 阿里云平台项目(String), 2026-06-01(LocalDate), 2026-12-31(LocalDate), 21000(BigDecimal), MIDDLE(String), ACTIVE(String), null
<==    Updates: 1
==>  Preparing: SELECT last_insert_rowid()
==> Parameters: 
<==    Columns: last_insert_rowid()
<==        Row: 5
<==      Total: 1
Closing non transactional SqlSession [org.apache.ibatis.session.defaults.DefaultSqlSession@4efe014f]
Creating a new SqlSession
SqlSession [org.apache.ibatis.session.defaults.DefaultSqlSession@7c5ac0] was not registered for synchronization because synchronization is not active
JDBC Connection [HikariProxyConnection@37590923 wrapping org.sqlite.jdbc4.JDBC4Connection@29896529] will not be managed by Spring
==>  Preparing: INSERT INTO ts_timesheet (user_id, user_name, talent_id, talent_name, project_id, project_name, month, status) VALUES (?, ?, ?, ?, ?, ?, ?, ?)
==> Parameters: 12(Long), 李四(String), 7(Long), 李四(String), 5(Long), 阿里云平台项目(String), 2026-06(String), SUBMITTED(String)
<==    Updates: 1
==>  Preparing: SELECT last_insert_rowid()
==> Parameters: 
<==    Columns: last_insert_rowid()
<==        Row: 5
<==      Total: 1
Closing non transactional SqlSession [org.apache.ibatis.session.defaults.DefaultSqlSession@7c5ac0]
Creating a new SqlSession
SqlSession [org.apache.ibatis.session.defaults.DefaultSqlSession@3cf70afa] was not registered for synchronization because synchronization is not active
JDBC Connection [HikariProxyConnection@1725760738 wrapping org.sqlite.jdbc4.JDBC4Connection@29896529] will not be managed by Spring
==>  Preparing: INSERT INTO ts_timesheet_day (timesheet_id, day_date, status) VALUES (?, ?, ?)
==> Parameters: 5(Long), 2026-06-01(LocalDate), NORMAL(String)
<==    Updates: 1
==>  Preparing: SELECT last_insert_rowid()
==> Parameters: 
<==    Columns: last_insert_rowid()
<==        Row: 61
<==      Total: 1
Closing non transactional SqlSession [org.apache.ibatis.session.defaults.DefaultSqlSession@3cf70afa]
Creating a new SqlSession
SqlSession [org.apache.ibatis.session.defaults.DefaultSqlSession@6c6919ff] was not registered for synchronization because synchronization is not active
JDBC Connection [HikariProxyConnection@1575171535 wrapping org.sqlite.jdbc4.JDBC4Connection@29896529] will not be managed by Spring
==>  Preparing: INSERT INTO ts_timesheet_day (timesheet_id, day_date, status) VALUES (?, ?, ?)
==> Parameters: 5(Long), 2026-06-02(LocalDate), NORMAL(String)
<==    Updates: 1
==>  Preparing: SELECT last_insert_rowid()
==> Parameters: 
<==    Columns: last_insert_rowid()
<==        Row: 62
<==      Total: 1
Closing non transactional SqlSession [org.apache.ibatis.session.defaults.DefaultSqlSession@6c6919ff]
Creating a new SqlSession
SqlSession [org.apache.ibatis.session.defaults.DefaultSqlSession@1e029a04] was not registered for synchronization because synchronization is not active
JDBC Connection [HikariProxyConnection@1357442420 wrapping org.sqlite.jdbc4.JDBC4Connection@29896529] will not be managed by Spring
==>  Preparing: INSERT INTO ts_timesheet_day (timesheet_id, day_date, status) VALUES (?, ?, ?)
==> Parameters: 5(Long), 2026-06-03(LocalDate), NORMAL(String)
<==    Updates: 1
==>  Preparing: SELECT last_insert_rowid()
==> Parameters: 
<==    Columns: last_insert_rowid()
<==        Row: 63
<==      Total: 1
Closing non transactional SqlSession [org.apache.ibatis.session.defaults.DefaultSqlSession@1e029a04]
Creating a new SqlSession
SqlSession [org.apache.ibatis.session.defaults.DefaultSqlSession@74eab077] was not registered for synchronization because synchronization is not active
JDBC Connection [HikariProxyConnection@811843176 wrapping org.sqlite.jdbc4.JDBC4Connection@29896529] will not be managed by Spring
==>  Preparing: INSERT INTO ts_timesheet_day (timesheet_id, day_date, status) VALUES (?, ?, ?)
==> Parameters: 5(Long), 2026-06-04(LocalDate), NORMAL(String)
<==    Updates: 1
==>  Preparing: SELECT last_insert_rowid()
==> Parameters: 
<==    Columns: last_insert_rowid()
<==        Row: 64
<==      Total: 1
Closing non transactional SqlSession [org.apache.ibatis.session.defaults.DefaultSqlSession@74eab077]
Creating a new SqlSession
SqlSession [org.apache.ibatis.session.defaults.DefaultSqlSession@3a3bc0da] was not registered for synchronization because synchronization is not active
JDBC Connection [HikariProxyConnection@758057380 wrapping org.sqlite.jdbc4.JDBC4Connection@29896529] will not be managed by Spring
==>  Preparing: INSERT INTO ts_timesheet_day (timesheet_id, day_date, status) VALUES (?, ?, ?)
==> Parameters: 5(Long), 2026-06-05(LocalDate), NORMAL(String)
<==    Updates: 1
==>  Preparing: SELECT last_insert_rowid()
==> Parameters: 
<==    Columns: last_insert_rowid()
<==        Row: 65
<==      Total: 1
Closing non transactional SqlSession [org.apache.ibatis.session.defaults.DefaultSqlSession@3a3bc0da]
Creating a new SqlSession
SqlSession [org.apache.ibatis.session.defaults.DefaultSqlSession@c677d7e] was not registered for synchronization because synchronization is not active
JDBC Connection [HikariProxyConnection@559546980 wrapping org.sqlite.jdbc4.JDBC4Connection@29896529] will not be managed by Spring
==>  Preparing: INSERT INTO ts_timesheet_day (timesheet_id, day_date, status) VALUES (?, ?, ?)
==> Parameters: 5(Long), 2026-06-06(LocalDate), NORMAL(String)
<==    Updates: 1
==>  Preparing: SELECT last_insert_rowid()
==> Parameters: 
<==    Columns: last_insert_rowid()
<==        Row: 66
<==      Total: 1
Closing non transactional SqlSession [org.apache.ibatis.session.defaults.DefaultSqlSession@c677d7e]
Creating a new SqlSession
SqlSession [org.apache.ibatis.session.defaults.DefaultSqlSession@45832b85] was not registered for synchronization because synchronization is not active
JDBC Connection [HikariProxyConnection@271874232 wrapping org.sqlite.jdbc4.JDBC4Connection@29896529] will not be managed by Spring
==>  Preparing: INSERT INTO ts_timesheet_day (timesheet_id, day_date, status) VALUES (?, ?, ?)
==> Parameters: 5(Long), 2026-06-07(LocalDate), NORMAL(String)
<==    Updates: 1
==>  Preparing: SELECT last_insert_rowid()
==> Parameters: 
<==    Columns: last_insert_rowid()
<==        Row: 67
<==      Total: 1
Closing non transactional SqlSession [org.apache.ibatis.session.defaults.DefaultSqlSession@45832b85]
Creating a new SqlSession
SqlSession [org.apache.ibatis.session.defaults.DefaultSqlSession@270f7b4d] was not registered for synchronization because synchronization is not active
JDBC Connection [HikariProxyConnection@1454834922 wrapping org.sqlite.jdbc4.JDBC4Connection@29896529] will not be managed by Spring
==>  Preparing: INSERT INTO ts_timesheet_day (timesheet_id, day_date, status) VALUES (?, ?, ?)
==> Parameters: 5(Long), 2026-06-08(LocalDate), NORMAL(String)
<==    Updates: 1
==>  Preparing: SELECT last_insert_rowid()
==> Parameters: 
<==    Columns: last_insert_rowid()
<==        Row: 68
<==      Total: 1
Closing non transactional SqlSession [org.apache.ibatis.session.defaults.DefaultSqlSession@270f7b4d]
Creating a new SqlSession
SqlSession [org.apache.ibatis.session.defaults.DefaultSqlSession@ab4d2ba] was not registered for synchronization because synchronization is not active
JDBC Connection [HikariProxyConnection@972458732 wrapping org.sqlite.jdbc4.JDBC4Connection@29896529] will not be managed by Spring
==>  Preparing: INSERT INTO ts_timesheet_day (timesheet_id, day_date, status) VALUES (?, ?, ?)
==> Parameters: 5(Long), 2026-06-09(LocalDate), NORMAL(String)
<==    Updates: 1
==>  Preparing: SELECT last_insert_rowid()
==> Parameters: 
<==    Columns: last_insert_rowid()
<==        Row: 69
<==      Total: 1
Closing non transactional SqlSession [org.apache.ibatis.session.defaults.DefaultSqlSession@ab4d2ba]
Creating a new SqlSession
SqlSession [org.apache.ibatis.session.defaults.DefaultSqlSession@65ff4b8c] was not registered for synchronization because synchronization is not active
JDBC Connection [HikariProxyConnection@193041293 wrapping org.sqlite.jdbc4.JDBC4Connection@29896529] will not be managed by Spring
==>  Preparing: INSERT INTO ts_timesheet_day (timesheet_id, day_date, status) VALUES (?, ?, ?)
==> Parameters: 5(Long), 2026-06-10(LocalDate), NORMAL(String)
<==    Updates: 1
==>  Preparing: SELECT last_insert_rowid()
==> Parameters: 
<==    Columns: last_insert_rowid()
<==        Row: 70
<==      Total: 1
Closing non transactional SqlSession [org.apache.ibatis.session.defaults.DefaultSqlSession@65ff4b8c]
Creating a new SqlSession
SqlSession [org.apache.ibatis.session.defaults.DefaultSqlSession@278cb145] was not registered for synchronization because synchronization is not active
JDBC Connection [HikariProxyConnection@715194034 wrapping org.sqlite.jdbc4.JDBC4Connection@29896529] will not be managed by Spring
==>  Preparing: INSERT INTO ts_timesheet_day (timesheet_id, day_date, status) VALUES (?, ?, ?)
==> Parameters: 5(Long), 2026-06-11(LocalDate), NORMAL(String)
<==    Updates: 1
==>  Preparing: SELECT last_insert_rowid()
==> Parameters: 
<==    Columns: last_insert_rowid()
<==        Row: 71
<==      Total: 1
Closing non transactional SqlSession [org.apache.ibatis.session.defaults.DefaultSqlSession@278cb145]
Creating a new SqlSession
SqlSession [org.apache.ibatis.session.defaults.DefaultSqlSession@351c6341] was not registered for synchronization because synchronization is not active
JDBC Connection [HikariProxyConnection@839291796 wrapping org.sqlite.jdbc4.JDBC4Connection@29896529] will not be managed by Spring
==>  Preparing: INSERT INTO ts_timesheet_day (timesheet_id, day_date, status) VALUES (?, ?, ?)
==> Parameters: 5(Long), 2026-06-12(LocalDate), NORMAL(String)
<==    Updates: 1
==>  Preparing: SELECT last_insert_rowid()
==> Parameters: 
<==    Columns: last_insert_rowid()
<==        Row: 72
<==      Total: 1
Closing non transactional SqlSession [org.apache.ibatis.session.defaults.DefaultSqlSession@351c6341]
Creating a new SqlSession
SqlSession [org.apache.ibatis.session.defaults.DefaultSqlSession@70421a08] was not registered for synchronization because synchronization is not active
JDBC Connection [HikariProxyConnection@1572487132 wrapping org.sqlite.jdbc4.JDBC4Connection@29896529] will not be managed by Spring
==>  Preparing: INSERT INTO ts_timesheet_day (timesheet_id, day_date, status) VALUES (?, ?, ?)
==> Parameters: 5(Long), 2026-06-13(LocalDate), NORMAL(String)
<==    Updates: 1
==>  Preparing: SELECT last_insert_rowid()
==> Parameters: 
<==    Columns: last_insert_rowid()
<==        Row: 73
<==      Total: 1
Closing non transactional SqlSession [org.apache.ibatis.session.defaults.DefaultSqlSession@70421a08]
Creating a new SqlSession
SqlSession [org.apache.ibatis.session.defaults.DefaultSqlSession@bea5941] was not registered for synchronization because synchronization is not active
JDBC Connection [HikariProxyConnection@234287515 wrapping org.sqlite.jdbc4.JDBC4Connection@29896529] will not be managed by Spring
==>  Preparing: INSERT INTO ts_timesheet_day (timesheet_id, day_date, status) VALUES (?, ?, ?)
==> Parameters: 5(Long), 2026-06-14(LocalDate), NORMAL(String)
<==    Updates: 1
==>  Preparing: SELECT last_insert_rowid()
==> Parameters: 
<==    Columns: last_insert_rowid()
<==        Row: 74
<==      Total: 1
Closing non transactional SqlSession [org.apache.ibatis.session.defaults.DefaultSqlSession@bea5941]
Creating a new SqlSession
SqlSession [org.apache.ibatis.session.defaults.DefaultSqlSession@6d842877] was not registered for synchronization because synchronization is not active
JDBC Connection [HikariProxyConnection@1632419524 wrapping org.sqlite.jdbc4.JDBC4Connection@29896529] will not be managed by Spring
==>  Preparing: INSERT INTO ts_timesheet_day (timesheet_id, day_date, status) VALUES (?, ?, ?)
==> Parameters: 5(Long), 2026-06-15(LocalDate), NORMAL(String)
<==    Updates: 1
==>  Preparing: SELECT last_insert_rowid()
==> Parameters: 
<==    Columns: last_insert_rowid()
<==        Row: 75
<==      Total: 1
Closing non transactional SqlSession [org.apache.ibatis.session.defaults.DefaultSqlSession@6d842877]
Creating a new SqlSession
SqlSession [org.apache.ibatis.session.defaults.DefaultSqlSession@3835d3fd] was not registered for synchronization because synchronization is not active
JDBC Connection [HikariProxyConnection@41260873 wrapping org.sqlite.jdbc4.JDBC4Connection@29896529] will not be managed by Spring
==>  Preparing: SELECT * FROM res_talent WHERE id = ?
==> Parameters: 8(Long)
<==    Columns: id, name, gender, phone, email, level, monthly_salary, tech_stack, status, remark, create_time, update_time
<==        Row: 8, 王五, 男, 13500135000, wangwu@example.com, JUNIOR, 15000, Python, IDLE, null, 2026-06-17 05:29:24, 2026-06-17 05:29:24
<==      Total: 1
Closing non transactional SqlSession [org.apache.ibatis.session.defaults.DefaultSqlSession@3835d3fd]
Creating a new SqlSession
SqlSession [org.apache.ibatis.session.defaults.DefaultSqlSession@4efed0e0] was not registered for synchronization because synchronization is not active
JDBC Connection [HikariProxyConnection@1254157669 wrapping org.sqlite.jdbc4.JDBC4Connection@29896529] will not be managed by Spring
==>  Preparing: SELECT * FROM ts_timesheet WHERE talent_id = ? AND status = 'SUBMITTED'
==> Parameters: 8(Long)
<==      Total: 0
Closing non transactional SqlSession [org.apache.ibatis.session.defaults.DefaultSqlSession@4efed0e0]
Creating a new SqlSession
Registering transaction synchronization for SqlSession [org.apache.ibatis.session.defaults.DefaultSqlSession@3856d0cb]
JDBC Connection [HikariProxyConnection@219743801 wrapping org.sqlite.jdbc4.JDBC4Connection@29896529] will be managed by Spring
==>  Preparing: SELECT * FROM res_talent WHERE id = ?
==> Parameters: 8(Long)
<==    Columns: id, name, gender, phone, email, level, monthly_salary, tech_stack, status, remark, create_time, update_time
<==        Row: 8, 王五, 男, 13500135000, wangwu@example.com, JUNIOR, 15000, Python, IDLE, null, 2026-06-17 05:29:24, 2026-06-17 05:29:24
<==      Total: 1
Releasing transactional SqlSession [org.apache.ibatis.session.defaults.DefaultSqlSession@3856d0cb]
Fetched SqlSession [org.apache.ibatis.session.defaults.DefaultSqlSession@3856d0cb] from current transaction
==>  Preparing: SELECT * FROM ts_timesheet WHERE talent_id = ? AND status = 'SUBMITTED'
==> Parameters: 8(Long)
<==      Total: 0
Releasing transactional SqlSession [org.apache.ibatis.session.defaults.DefaultSqlSession@3856d0cb]
Fetched SqlSession [org.apache.ibatis.session.defaults.DefaultSqlSession@3856d0cb] from current transaction
==>  Preparing: UPDATE res_talent SET status = ?, update_time = CURRENT_TIMESTAMP WHERE id = ?
==> Parameters: RESIGNED(String), 8(Long)
<==    Updates: 1
Releasing transactional SqlSession [org.apache.ibatis.session.defaults.DefaultSqlSession@3856d0cb]
Transaction synchronization committing SqlSession [org.apache.ibatis.session.defaults.DefaultSqlSession@3856d0cb]
Transaction synchronization deregistering SqlSession [org.apache.ibatis.session.defaults.DefaultSqlSession@3856d0cb]
Transaction synchronization closing SqlSession [org.apache.ibatis.session.defaults.DefaultSqlSession@3856d0cb]
Creating a new SqlSession
SqlSession [org.apache.ibatis.session.defaults.DefaultSqlSession@5f82209e] was not registered for synchronization because synchronization is not active
JDBC Connection [HikariProxyConnection@528846922 wrapping org.sqlite.jdbc4.JDBC4Connection@29896529] will not be managed by Spring
==>  Preparing: SELECT * FROM res_talent WHERE id = ?
==> Parameters: 8(Long)
<==    Columns: id, name, gender, phone, email, level, monthly_salary, tech_stack, status, remark, create_time, update_time
<==        Row: 8, 王五, 男, 13500135000, wangwu@example.com, JUNIOR, 15000, Python, RESIGNED, null, 2026-06-17 05:29:24, 2026-06-17 05:29:24
<==      Total: 1
Closing non transactional SqlSession [org.apache.ibatis.session.defaults.DefaultSqlSession@5f82209e]
[测试结论] 王五没有任何待审批工时单，调用离职接口正常通过，人才状态从 IDLE 变更为 RESIGNED，离职流程执行成功。
]]></system-out>
  </testcase>
  <testcase name="testResign_WithPendingTimesheet_ShouldBeBlocked" classname="com.talentbridge.TalentServiceTest" time="0.179">
    <system-out><![CDATA[Creating a new SqlSession
SqlSession [org.apache.ibatis.session.defaults.DefaultSqlSession@514dc5f4] was not registered for synchronization because synchronization is not active
JDBC Connection [HikariProxyConnection@1664750059 wrapping org.sqlite.jdbc4.JDBC4Connection@29896529] will not be managed by Spring
==>  Preparing: INSERT INTO res_project (project_name, client_name, contact_person, contact_phone, price_junior, price_middle, price_senior, remark) VALUES (?, ?, ?, ?, ?, ?, ?, ?)
==> Parameters: 阿里云平台项目(String), 阿里(String), 王经理(String), 13700137000(String), 15000(BigDecimal), 21000(BigDecimal), 30000(BigDecimal), null
<==    Updates: 1
==>  Preparing: SELECT last_insert_rowid()
==> Parameters: 
<==    Columns: last_insert_rowid()
<==        Row: 6
<==      Total: 1
Closing non transactional SqlSession [org.apache.ibatis.session.defaults.DefaultSqlSession@514dc5f4]
Creating a new SqlSession
SqlSession [org.apache.ibatis.session.defaults.DefaultSqlSession@7a247711] was not registered for synchronization because synchronization is not active
JDBC Connection [HikariProxyConnection@1225830367 wrapping org.sqlite.jdbc4.JDBC4Connection@29896529] will not be managed by Spring
==>  Preparing: INSERT INTO res_talent (name, gender, phone, email, level, monthly_salary, tech_stack, status, remark) VALUES (?, ?, ?, ?, ?, ?, ?, ?, ?)
==> Parameters: 李四(String), 男(String), 13600136000(String), lisi@example.com(String), MIDDLE(String), 21000(BigDecimal), Vue,React(String), ASSIGNED(String), null
<==    Updates: 1
==>  Preparing: SELECT last_insert_rowid()
==> Parameters: 
<==    Columns: last_insert_rowid()
<==        Row: 9
<==      Total: 1
Closing non transactional SqlSession [org.apache.ibatis.session.defaults.DefaultSqlSession@7a247711]
Creating a new SqlSession
SqlSession [org.apache.ibatis.session.defaults.DefaultSqlSession@764db16c] was not registered for synchronization because synchronization is not active
JDBC Connection [HikariProxyConnection@1170952967 wrapping org.sqlite.jdbc4.JDBC4Connection@29896529] will not be managed by Spring
==>  Preparing: INSERT INTO res_talent (name, gender, phone, email, level, monthly_salary, tech_stack, status, remark) VALUES (?, ?, ?, ?, ?, ?, ?, ?, ?)
==> Parameters: 王五(String), 男(String), 13500135000(String), wangwu@example.com(String), JUNIOR(String), 15000(BigDecimal), Python(String), IDLE(String), null
<==    Updates: 1
==>  Preparing: SELECT last_insert_rowid()
==> Parameters: 
<==    Columns: last_insert_rowid()
<==        Row: 10
<==      Total: 1
Closing non transactional SqlSession [org.apache.ibatis.session.defaults.DefaultSqlSession@764db16c]
Creating a new SqlSession
SqlSession [org.apache.ibatis.session.defaults.DefaultSqlSession@1c8e2850] was not registered for synchronization because synchronization is not active
JDBC Connection [HikariProxyConnection@1353454153 wrapping org.sqlite.jdbc4.JDBC4Connection@29896529] will not be managed by Spring
==>  Preparing: INSERT INTO sys_user (username, password, real_name, email, phone, status) VALUES (?, ?, ?, ?, ?, ?)
==> Parameters: lisi_test(String), $2a$10$abcdefghijklmnopqrstuvwxyz(String), 李四(String), lisi@example.com(String), 13600136000(String), 1(Integer)
<==    Updates: 1
==>  Preparing: SELECT last_insert_rowid()
==> Parameters: 
<==    Columns: last_insert_rowid()
<==        Row: 14
<==      Total: 1
Closing non transactional SqlSession [org.apache.ibatis.session.defaults.DefaultSqlSession@1c8e2850]
Creating a new SqlSession
SqlSession [org.apache.ibatis.session.defaults.DefaultSqlSession@4bf10fe1] was not registered for synchronization because synchronization is not active
JDBC Connection [HikariProxyConnection@1413295859 wrapping org.sqlite.jdbc4.JDBC4Connection@29896529] will not be managed by Spring
==>  Preparing: INSERT INTO sys_user (username, password, real_name, email, phone, status) VALUES (?, ?, ?, ?, ?, ?)
==> Parameters: wangwu_test(String), $2a$10$abcdefghijklmnopqrstuvwxyz(String), 王五(String), wangwu@example.com(String), 13500135000(String), 1(Integer)
<==    Updates: 1
==>  Preparing: SELECT last_insert_rowid()
==> Parameters: 
<==    Columns: last_insert_rowid()
<==        Row: 15
<==      Total: 1
Closing non transactional SqlSession [org.apache.ibatis.session.defaults.DefaultSqlSession@4bf10fe1]
Creating a new SqlSession
SqlSession [org.apache.ibatis.session.defaults.DefaultSqlSession@399c408c] was not registered for synchronization because synchronization is not active
JDBC Connection [HikariProxyConnection@160572332 wrapping org.sqlite.jdbc4.JDBC4Connection@29896529] will not be managed by Spring
==>  Preparing: INSERT INTO res_assignment (talent_id, talent_name, project_id, project_name, start_date, end_date, unit_price, talent_level, status, remark) VALUES (?, ?, ?, ?, ?, ?, ?, ?, ?, ?)
==> Parameters: 9(Long), 李四(String), 6(Long), 阿里云平台项目(String), 2026-06-01(LocalDate), 2026-12-31(LocalDate), 21000(BigDecimal), MIDDLE(String), ACTIVE(String), null
<==    Updates: 1
==>  Preparing: SELECT last_insert_rowid()
==> Parameters: 
<==    Columns: last_insert_rowid()
<==        Row: 6
<==      Total: 1
Closing non transactional SqlSession [org.apache.ibatis.session.defaults.DefaultSqlSession@399c408c]
Creating a new SqlSession
SqlSession [org.apache.ibatis.session.defaults.DefaultSqlSession@4a5fab78] was not registered for synchronization because synchronization is not active
JDBC Connection [HikariProxyConnection@2007522934 wrapping org.sqlite.jdbc4.JDBC4Connection@29896529] will not be managed by Spring
==>  Preparing: INSERT INTO ts_timesheet (user_id, user_name, talent_id, talent_name, project_id, project_name, month, status) VALUES (?, ?, ?, ?, ?, ?, ?, ?)
==> Parameters: 14(Long), 李四(String), 9(Long), 李四(String), 6(Long), 阿里云平台项目(String), 2026-06(String), SUBMITTED(String)
<==    Updates: 1
==>  Preparing: SELECT last_insert_rowid()
==> Parameters: 
<==    Columns: last_insert_rowid()
<==        Row: 6
<==      Total: 1
Closing non transactional SqlSession [org.apache.ibatis.session.defaults.DefaultSqlSession@4a5fab78]
Creating a new SqlSession
SqlSession [org.apache.ibatis.session.defaults.DefaultSqlSession@2cebf82f] was not registered for synchronization because synchronization is not active
JDBC Connection [HikariProxyConnection@888942941 wrapping org.sqlite.jdbc4.JDBC4Connection@29896529] will not be managed by Spring
==>  Preparing: INSERT INTO ts_timesheet_day (timesheet_id, day_date, status) VALUES (?, ?, ?)
==> Parameters: 6(Long), 2026-06-01(LocalDate), NORMAL(String)
<==    Updates: 1
==>  Preparing: SELECT last_insert_rowid()
==> Parameters: 
<==    Columns: last_insert_rowid()
<==        Row: 76
<==      Total: 1
Closing non transactional SqlSession [org.apache.ibatis.session.defaults.DefaultSqlSession@2cebf82f]
Creating a new SqlSession
SqlSession [org.apache.ibatis.session.defaults.DefaultSqlSession@34f48d1] was not registered for synchronization because synchronization is not active
JDBC Connection [HikariProxyConnection@916585760 wrapping org.sqlite.jdbc4.JDBC4Connection@29896529] will not be managed by Spring
==>  Preparing: INSERT INTO ts_timesheet_day (timesheet_id, day_date, status) VALUES (?, ?, ?)
==> Parameters: 6(Long), 2026-06-02(LocalDate), NORMAL(String)
<==    Updates: 1
==>  Preparing: SELECT last_insert_rowid()
==> Parameters: 
<==    Columns: last_insert_rowid()
<==        Row: 77
<==      Total: 1
Closing non transactional SqlSession [org.apache.ibatis.session.defaults.DefaultSqlSession@34f48d1]
Creating a new SqlSession
SqlSession [org.apache.ibatis.session.defaults.DefaultSqlSession@45f8415b] was not registered for synchronization because synchronization is not active
JDBC Connection [HikariProxyConnection@282850912 wrapping org.sqlite.jdbc4.JDBC4Connection@29896529] will not be managed by Spring
==>  Preparing: INSERT INTO ts_timesheet_day (timesheet_id, day_date, status) VALUES (?, ?, ?)
==> Parameters: 6(Long), 2026-06-03(LocalDate), NORMAL(String)
<==    Updates: 1
==>  Preparing: SELECT last_insert_rowid()
==> Parameters: 
<==    Columns: last_insert_rowid()
<==        Row: 78
<==      Total: 1
Closing non transactional SqlSession [org.apache.ibatis.session.defaults.DefaultSqlSession@45f8415b]
Creating a new SqlSession
SqlSession [org.apache.ibatis.session.defaults.DefaultSqlSession@69ab2d6a] was not registered for synchronization because synchronization is not active
JDBC Connection [HikariProxyConnection@1348109698 wrapping org.sqlite.jdbc4.JDBC4Connection@29896529] will not be managed by Spring
==>  Preparing: INSERT INTO ts_timesheet_day (timesheet_id, day_date, status) VALUES (?, ?, ?)
==> Parameters: 6(Long), 2026-06-04(LocalDate), NORMAL(String)
<==    Updates: 1
==>  Preparing: SELECT last_insert_rowid()
==> Parameters: 
<==    Columns: last_insert_rowid()
<==        Row: 79
<==      Total: 1
Closing non transactional SqlSession [org.apache.ibatis.session.defaults.DefaultSqlSession@69ab2d6a]
Creating a new SqlSession
SqlSession [org.apache.ibatis.session.defaults.DefaultSqlSession@57afe44b] was not registered for synchronization because synchronization is not active
JDBC Connection [HikariProxyConnection@411594792 wrapping org.sqlite.jdbc4.JDBC4Connection@29896529] will not be managed by Spring
==>  Preparing: INSERT INTO ts_timesheet_day (timesheet_id, day_date, status) VALUES (?, ?, ?)
==> Parameters: 6(Long), 2026-06-05(LocalDate), NORMAL(String)
<==    Updates: 1
==>  Preparing: SELECT last_insert_rowid()
==> Parameters: 
<==    Columns: last_insert_rowid()
<==        Row: 80
<==      Total: 1
Closing non transactional SqlSession [org.apache.ibatis.session.defaults.DefaultSqlSession@57afe44b]
Creating a new SqlSession
SqlSession [org.apache.ibatis.session.defaults.DefaultSqlSession@28f8ce2e] was not registered for synchronization because synchronization is not active
JDBC Connection [HikariProxyConnection@738867238 wrapping org.sqlite.jdbc4.JDBC4Connection@29896529] will not be managed by Spring
==>  Preparing: INSERT INTO ts_timesheet_day (timesheet_id, day_date, status) VALUES (?, ?, ?)
==> Parameters: 6(Long), 2026-06-06(LocalDate), NORMAL(String)
<==    Updates: 1
==>  Preparing: SELECT last_insert_rowid()
==> Parameters: 
<==    Columns: last_insert_rowid()
<==        Row: 81
<==      Total: 1
Closing non transactional SqlSession [org.apache.ibatis.session.defaults.DefaultSqlSession@28f8ce2e]
Creating a new SqlSession
SqlSession [org.apache.ibatis.session.defaults.DefaultSqlSession@4af0c50] was not registered for synchronization because synchronization is not active
JDBC Connection [HikariProxyConnection@1610429917 wrapping org.sqlite.jdbc4.JDBC4Connection@29896529] will not be managed by Spring
==>  Preparing: INSERT INTO ts_timesheet_day (timesheet_id, day_date, status) VALUES (?, ?, ?)
==> Parameters: 6(Long), 2026-06-07(LocalDate), NORMAL(String)
<==    Updates: 1
==>  Preparing: SELECT last_insert_rowid()
==> Parameters: 
<==    Columns: last_insert_rowid()
<==        Row: 82
<==      Total: 1
Closing non transactional SqlSession [org.apache.ibatis.session.defaults.DefaultSqlSession@4af0c50]
Creating a new SqlSession
SqlSession [org.apache.ibatis.session.defaults.DefaultSqlSession@311a09b2] was not registered for synchronization because synchronization is not active
JDBC Connection [HikariProxyConnection@1286393023 wrapping org.sqlite.jdbc4.JDBC4Connection@29896529] will not be managed by Spring
==>  Preparing: INSERT INTO ts_timesheet_day (timesheet_id, day_date, status) VALUES (?, ?, ?)
==> Parameters: 6(Long), 2026-06-08(LocalDate), NORMAL(String)
<==    Updates: 1
==>  Preparing: SELECT last_insert_rowid()
==> Parameters: 
<==    Columns: last_insert_rowid()
<==        Row: 83
<==      Total: 1
Closing non transactional SqlSession [org.apache.ibatis.session.defaults.DefaultSqlSession@311a09b2]
Creating a new SqlSession
SqlSession [org.apache.ibatis.session.defaults.DefaultSqlSession@301d84f6] was not registered for synchronization because synchronization is not active
JDBC Connection [HikariProxyConnection@116919541 wrapping org.sqlite.jdbc4.JDBC4Connection@29896529] will not be managed by Spring
==>  Preparing: INSERT INTO ts_timesheet_day (timesheet_id, day_date, status) VALUES (?, ?, ?)
==> Parameters: 6(Long), 2026-06-09(LocalDate), NORMAL(String)
<==    Updates: 1
==>  Preparing: SELECT last_insert_rowid()
==> Parameters: 
<==    Columns: last_insert_rowid()
<==        Row: 84
<==      Total: 1
Closing non transactional SqlSession [org.apache.ibatis.session.defaults.DefaultSqlSession@301d84f6]
Creating a new SqlSession
SqlSession [org.apache.ibatis.session.defaults.DefaultSqlSession@674ed201] was not registered for synchronization because synchronization is not active
JDBC Connection [HikariProxyConnection@1303192419 wrapping org.sqlite.jdbc4.JDBC4Connection@29896529] will not be managed by Spring
==>  Preparing: INSERT INTO ts_timesheet_day (timesheet_id, day_date, status) VALUES (?, ?, ?)
==> Parameters: 6(Long), 2026-06-10(LocalDate), NORMAL(String)
<==    Updates: 1
==>  Preparing: SELECT last_insert_rowid()
==> Parameters: 
<==    Columns: last_insert_rowid()
<==        Row: 85
<==      Total: 1
Closing non transactional SqlSession [org.apache.ibatis.session.defaults.DefaultSqlSession@674ed201]
Creating a new SqlSession
SqlSession [org.apache.ibatis.session.defaults.DefaultSqlSession@114b2414] was not registered for synchronization because synchronization is not active
JDBC Connection [HikariProxyConnection@1469189484 wrapping org.sqlite.jdbc4.JDBC4Connection@29896529] will not be managed by Spring
==>  Preparing: INSERT INTO ts_timesheet_day (timesheet_id, day_date, status) VALUES (?, ?, ?)
==> Parameters: 6(Long), 2026-06-11(LocalDate), NORMAL(String)
<==    Updates: 1
==>  Preparing: SELECT last_insert_rowid()
==> Parameters: 
<==    Columns: last_insert_rowid()
<==        Row: 86
<==      Total: 1
Closing non transactional SqlSession [org.apache.ibatis.session.defaults.DefaultSqlSession@114b2414]
Creating a new SqlSession
SqlSession [org.apache.ibatis.session.defaults.DefaultSqlSession@465d1345] was not registered for synchronization because synchronization is not active
JDBC Connection [HikariProxyConnection@1657767638 wrapping org.sqlite.jdbc4.JDBC4Connection@29896529] will not be managed by Spring
==>  Preparing: INSERT INTO ts_timesheet_day (timesheet_id, day_date, status) VALUES (?, ?, ?)
==> Parameters: 6(Long), 2026-06-12(LocalDate), NORMAL(String)
<==    Updates: 1
==>  Preparing: SELECT last_insert_rowid()
==> Parameters: 
<==    Columns: last_insert_rowid()
<==        Row: 87
<==      Total: 1
Closing non transactional SqlSession [org.apache.ibatis.session.defaults.DefaultSqlSession@465d1345]
Creating a new SqlSession
SqlSession [org.apache.ibatis.session.defaults.DefaultSqlSession@2a6c751f] was not registered for synchronization because synchronization is not active
JDBC Connection [HikariProxyConnection@1842537555 wrapping org.sqlite.jdbc4.JDBC4Connection@29896529] will not be managed by Spring
==>  Preparing: INSERT INTO ts_timesheet_day (timesheet_id, day_date, status) VALUES (?, ?, ?)
==> Parameters: 6(Long), 2026-06-13(LocalDate), NORMAL(String)
<==    Updates: 1
==>  Preparing: SELECT last_insert_rowid()
==> Parameters: 
<==    Columns: last_insert_rowid()
<==        Row: 88
<==      Total: 1
Closing non transactional SqlSession [org.apache.ibatis.session.defaults.DefaultSqlSession@2a6c751f]
Creating a new SqlSession
SqlSession [org.apache.ibatis.session.defaults.DefaultSqlSession@433b1597] was not registered for synchronization because synchronization is not active
JDBC Connection [HikariProxyConnection@1566364176 wrapping org.sqlite.jdbc4.JDBC4Connection@29896529] will not be managed by Spring
==>  Preparing: INSERT INTO ts_timesheet_day (timesheet_id, day_date, status) VALUES (?, ?, ?)
==> Parameters: 6(Long), 2026-06-14(LocalDate), NORMAL(String)
<==    Updates: 1
==>  Preparing: SELECT last_insert_rowid()
==> Parameters: 
<==    Columns: last_insert_rowid()
<==        Row: 89
<==      Total: 1
Closing non transactional SqlSession [org.apache.ibatis.session.defaults.DefaultSqlSession@433b1597]
Creating a new SqlSession
SqlSession [org.apache.ibatis.session.defaults.DefaultSqlSession@14d18029] was not registered for synchronization because synchronization is not active
JDBC Connection [HikariProxyConnection@1859853980 wrapping org.sqlite.jdbc4.JDBC4Connection@29896529] will not be managed by Spring
==>  Preparing: INSERT INTO ts_timesheet_day (timesheet_id, day_date, status) VALUES (?, ?, ?)
==> Parameters: 6(Long), 2026-06-15(LocalDate), NORMAL(String)
<==    Updates: 1
==>  Preparing: SELECT last_insert_rowid()
==> Parameters: 
<==    Columns: last_insert_rowid()
<==        Row: 90
<==      Total: 1
Closing non transactional SqlSession [org.apache.ibatis.session.defaults.DefaultSqlSession@14d18029]
Creating a new SqlSession
SqlSession [org.apache.ibatis.session.defaults.DefaultSqlSession@75d7297d] was not registered for synchronization because synchronization is not active
JDBC Connection [HikariProxyConnection@1310763397 wrapping org.sqlite.jdbc4.JDBC4Connection@29896529] will not be managed by Spring
==>  Preparing: SELECT * FROM res_talent WHERE id = ?
==> Parameters: 9(Long)
<==    Columns: id, name, gender, phone, email, level, monthly_salary, tech_stack, status, remark, create_time, update_time
<==        Row: 9, 李四, 男, 13600136000, lisi@example.com, MIDDLE, 21000, Vue,React, ASSIGNED, null, 2026-06-17 05:29:24, 2026-06-17 05:29:24
<==      Total: 1
Closing non transactional SqlSession [org.apache.ibatis.session.defaults.DefaultSqlSession@75d7297d]
Creating a new SqlSession
SqlSession [org.apache.ibatis.session.defaults.DefaultSqlSession@56e8a8a0] was not registered for synchronization because synchronization is not active
JDBC Connection [HikariProxyConnection@1618043679 wrapping org.sqlite.jdbc4.JDBC4Connection@29896529] will not be managed by Spring
==>  Preparing: SELECT * FROM ts_timesheet WHERE talent_id = ? AND status = 'SUBMITTED'
==> Parameters: 9(Long)
<==    Columns: id, user_id, user_name, talent_id, talent_name, project_id, project_name, month, status, approver_id, approver_name, approve_time, reject_reason, create_time, update_time
<==        Row: 6, 14, 李四, 9, 李四, 6, 阿里云平台项目, 2026-06, SUBMITTED, null, null, null, null, 2026-06-17 05:29:24, 2026-06-17 05:29:24
<==      Total: 1
Closing non transactional SqlSession [org.apache.ibatis.session.defaults.DefaultSqlSession@56e8a8a0]
Creating a new SqlSession
Registering transaction synchronization for SqlSession [org.apache.ibatis.session.defaults.DefaultSqlSession@17332039]
JDBC Connection [HikariProxyConnection@1900120650 wrapping org.sqlite.jdbc4.JDBC4Connection@29896529] will be managed by Spring
==>  Preparing: SELECT * FROM res_talent WHERE id = ?
==> Parameters: 9(Long)
<==    Columns: id, name, gender, phone, email, level, monthly_salary, tech_stack, status, remark, create_time, update_time
<==        Row: 9, 李四, 男, 13600136000, lisi@example.com, MIDDLE, 21000, Vue,React, ASSIGNED, null, 2026-06-17 05:29:24, 2026-06-17 05:29:24
<==      Total: 1
Releasing transactional SqlSession [org.apache.ibatis.session.defaults.DefaultSqlSession@17332039]
Fetched SqlSession [org.apache.ibatis.session.defaults.DefaultSqlSession@17332039] from current transaction
==>  Preparing: SELECT * FROM ts_timesheet WHERE talent_id = ? AND status = 'SUBMITTED'
==> Parameters: 9(Long)
<==    Columns: id, user_id, user_name, talent_id, talent_name, project_id, project_name, month, status, approver_id, approver_name, approve_time, reject_reason, create_time, update_time
<==        Row: 6, 14, 李四, 9, 李四, 6, 阿里云平台项目, 2026-06, SUBMITTED, null, null, null, null, 2026-06-17 05:29:24, 2026-06-17 05:29:24
<==      Total: 1
Releasing transactional SqlSession [org.apache.ibatis.session.defaults.DefaultSqlSession@17332039]
Transaction synchronization deregistering SqlSession [org.apache.ibatis.session.defaults.DefaultSqlSession@17332039]
Transaction synchronization closing SqlSession [org.apache.ibatis.session.defaults.DefaultSqlSession@17332039]
Creating a new SqlSession
SqlSession [org.apache.ibatis.session.defaults.DefaultSqlSession@6d5508a5] was not registered for synchronization because synchronization is not active
JDBC Connection [HikariProxyConnection@272354463 wrapping org.sqlite.jdbc4.JDBC4Connection@29896529] will not be managed by Spring
==>  Preparing: SELECT * FROM res_talent WHERE id = ?
==> Parameters: 9(Long)
<==    Columns: id, name, gender, phone, email, level, monthly_salary, tech_stack, status, remark, create_time, update_time
<==        Row: 9, 李四, 男, 13600136000, lisi@example.com, MIDDLE, 21000, Vue,React, ASSIGNED, null, 2026-06-17 05:29:24, 2026-06-17 05:29:24
<==      Total: 1
Closing non transactional SqlSession [org.apache.ibatis.session.defaults.DefaultSqlSession@6d5508a5]
[测试结论] 李四存在6月份已提交待审批的工时单，调用离职接口被成功拦截，异常信息：该人才存在待审批的工时单，无法办理离职，请先处理工时单，人才状态保持不变（仍为ASSIGNED），离职校验逻辑生效。
]]></system-out>
  </testcase>
</testsuite>